2023-3-22 18:41:33.32 INFO  Log level: debug.  
2023-3-22 18:41:33.35 INFO  Log level: debug.  
2023-3-22 18:41:33.35 INFO  Port:  4481 
2023-3-22 18:42:25.78 INFO  Log level: debug.  
2023-3-22 18:42:25.81 INFO  Log level: debug.  
2023-3-22 18:42:25.81 INFO  Port:  4481 
2023-3-22 18:42:54.98 INFO  Log level: debug.  
2023-3-22 18:42:55.00 INFO  Port:  4481 
2023-3-22 18:43:55.83 INFO  Log level: debug.  
2023-3-22 18:43:55.85 INFO  Port:  4481 
2023-3-22 18:44:01.87 INFO  Log level: debug.  
2023-3-22 18:44:01.90 INFO  Port:  4481 
2023-3-22 18:46:35.14 INFO  Log level: debug.  
2023-3-22 18:46:35.17 INFO  Port:  4481 
2023-3-22 18:48:27.97 INFO  Log level: debug.  
2023-3-22 18:48:27.99 ERROR database "tdp2_db" does not exist
{"name":"SequelizeConnectionError","parent":{"length":92,"name":"error","severity":"FATAL","code":"3D000","file":"postinit.c","line":"877","routine":"InitPostgres"},"original":{"length":92,"name":"error","severity":"FATAL","code":"3D000","file":"postinit.c","line":"877","routine":"InitPostgres"}}
SequelizeConnectionError: database "tdp2_db" does not exist
    at Client.connection2.connect [as _connectionCallback] (/media/esteban/datos/github/tdp2/ticketapp-backend/node_modules/sequelize/lib/dialects/postgres/connection-manager.js:143:24)
    at Client._handleErrorWhileConnecting (/media/esteban/datos/github/tdp2/ticketapp-backend/node_modules/pg/lib/client.js:318:19)
    at Client._handleErrorMessage (/media/esteban/datos/github/tdp2/ticketapp-backend/node_modules/pg/lib/client.js:338:19)
    at Connection.emit (events.js:198:13)
    at parse (/media/esteban/datos/github/tdp2/ticketapp-backend/node_modules/pg/lib/connection.js:116:12)
    at Parser.parse (/media/esteban/datos/github/tdp2/ticketapp-backend/node_modules/pg-protocol/dist/parser.js:40:17)
    at Socket.stream.on (/media/esteban/datos/github/tdp2/ticketapp-backend/node_modules/pg-protocol/dist/index.js:11:42)
    at Socket.emit (events.js:198:13)
    at addChunk (_stream_readable.js:288:12)
    at readableAddChunk (_stream_readable.js:269:11) 
2023-3-22 18:48:40.53 INFO  Log level: debug.  
2023-3-22 18:48:40.54 ERROR database "tdp2_db" does not exist
{"name":"SequelizeConnectionError","parent":{"length":92,"name":"error","severity":"FATAL","code":"3D000","file":"postinit.c","line":"877","routine":"InitPostgres"},"original":{"length":92,"name":"error","severity":"FATAL","code":"3D000","file":"postinit.c","line":"877","routine":"InitPostgres"}}
SequelizeConnectionError: database "tdp2_db" does not exist
    at Client.connection2.connect [as _connectionCallback] (/media/esteban/datos/github/tdp2/ticketapp-backend/node_modules/sequelize/lib/dialects/postgres/connection-manager.js:143:24)
    at Client._handleErrorWhileConnecting (/media/esteban/datos/github/tdp2/ticketapp-backend/node_modules/pg/lib/client.js:318:19)
    at Client._handleErrorMessage (/media/esteban/datos/github/tdp2/ticketapp-backend/node_modules/pg/lib/client.js:338:19)
    at Connection.emit (events.js:198:13)
    at parse (/media/esteban/datos/github/tdp2/ticketapp-backend/node_modules/pg/lib/connection.js:116:12)
    at Parser.parse (/media/esteban/datos/github/tdp2/ticketapp-backend/node_modules/pg-protocol/dist/parser.js:40:17)
    at Socket.stream.on (/media/esteban/datos/github/tdp2/ticketapp-backend/node_modules/pg-protocol/dist/index.js:11:42)
    at Socket.emit (events.js:198:13)
    at addChunk (_stream_readable.js:288:12)
    at readableAddChunk (_stream_readable.js:269:11) 
2023-3-22 18:49:04.41 INFO  Log level: debug.  
2023-3-22 18:49:04.42 ERROR database "tdp2_db" does not exist
{"name":"SequelizeConnectionError","parent":{"length":92,"name":"error","severity":"FATAL","code":"3D000","file":"postinit.c","line":"877","routine":"InitPostgres"},"original":{"length":92,"name":"error","severity":"FATAL","code":"3D000","file":"postinit.c","line":"877","routine":"InitPostgres"}}
SequelizeConnectionError: database "tdp2_db" does not exist
    at Client.connection2.connect [as _connectionCallback] (/media/esteban/datos/github/tdp2/ticketapp-backend/node_modules/sequelize/lib/dialects/postgres/connection-manager.js:143:24)
    at Client._handleErrorWhileConnecting (/media/esteban/datos/github/tdp2/ticketapp-backend/node_modules/pg/lib/client.js:318:19)
    at Client._handleErrorMessage (/media/esteban/datos/github/tdp2/ticketapp-backend/node_modules/pg/lib/client.js:338:19)
    at Connection.emit (events.js:198:13)
    at parse (/media/esteban/datos/github/tdp2/ticketapp-backend/node_modules/pg/lib/connection.js:116:12)
    at Parser.parse (/media/esteban/datos/github/tdp2/ticketapp-backend/node_modules/pg-protocol/dist/parser.js:40:17)
    at Socket.stream.on (/media/esteban/datos/github/tdp2/ticketapp-backend/node_modules/pg-protocol/dist/index.js:11:42)
    at Socket.emit (events.js:198:13)
    at addChunk (_stream_readable.js:288:12)
    at readableAddChunk (_stream_readable.js:269:11) 
2023-3-22 18:58:09.44 INFO  Log level: debug.  
2023-3-22 18:58:09.47 INFO  Port:  4481 
2023-3-22 18:58:36.19 INFO  Log level: debug.  
2023-3-22 18:58:36.21 INFO  Port:  4481 
2023-3-22 18:58:59.12 INFO  Log level: debug.  
2023-3-22 18:58:59.15 INFO  Port:  4481 
2023-3-22 19:04:32.03 INFO  Log level: debug.  
2023-3-22 19:04:32.07 INFO  Port:  4481 
2023-3-22 19:07:22.70 INFO  Log level: debug.  
2023-3-22 19:07:36.76 ERROR database "tdp2_db" does not exist
{"name":"SequelizeConnectionError","parent":{"length":92,"name":"error","severity":"FATAL","code":"3D000","file":"postinit.c","line":"877","routine":"InitPostgres"},"original":{"length":92,"name":"error","severity":"FATAL","code":"3D000","file":"postinit.c","line":"877","routine":"InitPostgres"}}
SequelizeConnectionError: database "tdp2_db" does not exist
    at Client.connection2.connect [as _connectionCallback] (/media/esteban/datos/github/tdp2/ticketapp-backend/node_modules/sequelize/lib/dialects/postgres/connection-manager.js:143:24)
    at Client._handleErrorWhileConnecting (/media/esteban/datos/github/tdp2/ticketapp-backend/node_modules/pg/lib/client.js:318:19)
    at Client._handleErrorMessage (/media/esteban/datos/github/tdp2/ticketapp-backend/node_modules/pg/lib/client.js:338:19)
    at Connection.emit (events.js:198:13)
    at parse (/media/esteban/datos/github/tdp2/ticketapp-backend/node_modules/pg/lib/connection.js:116:12)
    at Parser.parse (/media/esteban/datos/github/tdp2/ticketapp-backend/node_modules/pg-protocol/dist/parser.js:40:17)
    at Socket.stream.on (/media/esteban/datos/github/tdp2/ticketapp-backend/node_modules/pg-protocol/dist/index.js:11:42)
    at Socket.emit (events.js:198:13)
    at addChunk (_stream_readable.js:288:12)
    at readableAddChunk (_stream_readable.js:269:11) 
2023-3-22 19:08:24.54 INFO  Log level: debug.  
2023-3-22 19:08:27.31 INFO  Port:  4481 
2023-3-22 20:03:45.12 INFO  Log level: debug.  
2023-3-22 20:03:45.15 INFO  Port:  4481 
2023-3-22 20:05:21.08 INFO  Request en : /login 
